2023-08-20 14:17:39.543 [SpringApplicationShutdownHook] INFO  c.alibaba.druid.pool.DruidDataSource - [close,2138] - {dataSource-8} closing ...
2023-08-20 14:17:39.544 [SpringApplicationShutdownHook] INFO  c.alibaba.druid.pool.DruidDataSource - [close,2211] - {dataSource-8} closed
2023-08-20 14:17:42.564 [background-preinit] INFO  o.h.validator.internal.util.Version - [<clinit>,27] - HV000001: Hibernate Validator 5.1.2.Final
2023-08-20 14:17:42.576 [restartedMain] INFO  net.ltbk.music.MusicApplication - [logStarting,55] - Starting MusicApplication using Java 1.8.0_381 on DELL-G3 with PID 15988 (F:\软件开发\项目\SpringBoot+Thymeleaf\music\target\classes started by aa152 in F:\软件开发\项目\SpringBoot+Thymeleaf\music)
2023-08-20 14:17:42.577 [restartedMain] INFO  net.ltbk.music.MusicApplication - [logStartupProfileInfo,651] - The following 1 profile is active: "dev"
2023-08-20 14:17:43.878 [restartedMain] INFO  o.a.coyote.http11.Http11NioProtocol - [log,173] - Initializing ProtocolHandler ["http-nio-8081"]
2023-08-20 14:17:43.878 [restartedMain] INFO  o.a.catalina.core.StandardService - [log,173] - Starting service [Tomcat]
2023-08-20 14:17:43.879 [restartedMain] INFO  o.a.catalina.core.StandardEngine - [log,173] - Starting Servlet engine: [Apache Tomcat/9.0.65]
2023-08-20 14:17:43.931 [restartedMain] INFO  o.a.c.c.C.[Tomcat].[localhost].[/] - [log,173] - Initializing Spring embedded WebApplicationContext
2023-08-20 14:17:44.020 [restartedMain] INFO  c.a.d.s.b.a.DruidDataSourceAutoConfigure - [dataSource,55] - Init DruidDataSource
2023-08-20 14:17:44.079 [restartedMain] INFO  c.alibaba.druid.pool.DruidDataSource - [init,996] - {dataSource-1} inited
2023-08-20 14:17:45.631 [restartedMain] INFO  o.a.coyote.http11.Http11NioProtocol - [log,173] - Starting ProtocolHandler ["http-nio-8081"]
2023-08-20 14:17:47.411 [restartedMain] INFO  net.ltbk.music.MusicApplication - [logStarted,61] - Started MusicApplication in 5.184 seconds (JVM running for 6.551)
2023-08-20 14:24:28.501 [Thread-11] INFO  o.a.coyote.http11.Http11NioProtocol - [log,173] - Pausing ProtocolHandler ["http-nio-8081"]
2023-08-20 14:24:28.501 [Thread-11] INFO  o.a.catalina.core.StandardService - [log,173] - Stopping service [Tomcat]
2023-08-20 14:24:28.504 [Thread-11] INFO  o.a.coyote.http11.Http11NioProtocol - [log,173] - Stopping ProtocolHandler ["http-nio-8081"]
2023-08-20 14:24:28.505 [Thread-11] INFO  o.a.coyote.http11.Http11NioProtocol - [log,173] - Destroying ProtocolHandler ["http-nio-8081"]
2023-08-20 14:24:28.508 [Thread-11] INFO  c.alibaba.druid.pool.DruidDataSource - [close,2138] - {dataSource-1} closing ...
2023-08-20 14:24:28.508 [Thread-11] INFO  c.alibaba.druid.pool.DruidDataSource - [close,2211] - {dataSource-1} closed
2023-08-20 14:24:28.629 [restartedMain] INFO  net.ltbk.music.MusicApplication - [logStarting,55] - Starting MusicApplication using Java 1.8.0_381 on DELL-G3 with PID 15988 (F:\软件开发\项目\SpringBoot+Thymeleaf\music\target\classes started by aa152 in F:\软件开发\项目\SpringBoot+Thymeleaf\music)
2023-08-20 14:24:28.629 [restartedMain] INFO  net.ltbk.music.MusicApplication - [logStartupProfileInfo,651] - The following 1 profile is active: "dev"
2023-08-20 14:24:28.888 [restartedMain] INFO  o.a.coyote.http11.Http11NioProtocol - [log,173] - Initializing ProtocolHandler ["http-nio-8081"]
2023-08-20 14:24:28.889 [restartedMain] INFO  o.a.catalina.core.StandardService - [log,173] - Starting service [Tomcat]
2023-08-20 14:24:28.889 [restartedMain] INFO  o.a.catalina.core.StandardEngine - [log,173] - Starting Servlet engine: [Apache Tomcat/9.0.65]
2023-08-20 14:24:28.899 [restartedMain] INFO  o.a.c.c.C.[Tomcat].[localhost].[/] - [log,173] - Initializing Spring embedded WebApplicationContext
2023-08-20 14:24:28.912 [restartedMain] INFO  c.a.d.s.b.a.DruidDataSourceAutoConfigure - [dataSource,55] - Init DruidDataSource
2023-08-20 14:24:28.920 [restartedMain] INFO  c.alibaba.druid.pool.DruidDataSource - [init,996] - {dataSource-2} inited
2023-08-20 14:24:29.545 [restartedMain] INFO  o.a.coyote.http11.Http11NioProtocol - [log,173] - Starting ProtocolHandler ["http-nio-8081"]
2023-08-20 14:24:31.041 [restartedMain] INFO  net.ltbk.music.MusicApplication - [logStarted,61] - Started MusicApplication in 2.441 seconds (JVM running for 410.181)
2023-08-20 14:27:34.243 [Thread-22] INFO  o.a.coyote.http11.Http11NioProtocol - [log,173] - Pausing ProtocolHandler ["http-nio-8081"]
2023-08-20 14:27:34.244 [Thread-22] INFO  o.a.catalina.core.StandardService - [log,173] - Stopping service [Tomcat]
2023-08-20 14:27:34.248 [Thread-22] INFO  o.a.coyote.http11.Http11NioProtocol - [log,173] - Stopping ProtocolHandler ["http-nio-8081"]
2023-08-20 14:27:34.250 [Thread-22] INFO  o.a.coyote.http11.Http11NioProtocol - [log,173] - Destroying ProtocolHandler ["http-nio-8081"]
2023-08-20 14:27:34.253 [Thread-22] INFO  c.alibaba.druid.pool.DruidDataSource - [close,2138] - {dataSource-2} closing ...
2023-08-20 14:27:34.254 [Thread-22] INFO  c.alibaba.druid.pool.DruidDataSource - [close,2211] - {dataSource-2} closed
2023-08-20 14:27:34.384 [restartedMain] INFO  net.ltbk.music.MusicApplication - [logStarting,55] - Starting MusicApplication using Java 1.8.0_381 on DELL-G3 with PID 15988 (F:\软件开发\项目\SpringBoot+Thymeleaf\music\target\classes started by aa152 in F:\软件开发\项目\SpringBoot+Thymeleaf\music)
2023-08-20 14:27:34.384 [restartedMain] INFO  net.ltbk.music.MusicApplication - [logStartupProfileInfo,651] - The following 1 profile is active: "dev"
2023-08-20 14:27:34.636 [restartedMain] INFO  o.a.coyote.http11.Http11NioProtocol - [log,173] - Initializing ProtocolHandler ["http-nio-8081"]
2023-08-20 14:27:34.637 [restartedMain] INFO  o.a.catalina.core.StandardService - [log,173] - Starting service [Tomcat]
2023-08-20 14:27:34.637 [restartedMain] INFO  o.a.catalina.core.StandardEngine - [log,173] - Starting Servlet engine: [Apache Tomcat/9.0.65]
2023-08-20 14:27:34.647 [restartedMain] INFO  o.a.c.c.C.[Tomcat].[localhost].[/] - [log,173] - Initializing Spring embedded WebApplicationContext
2023-08-20 14:27:34.661 [restartedMain] INFO  c.a.d.s.b.a.DruidDataSourceAutoConfigure - [dataSource,55] - Init DruidDataSource
2023-08-20 14:27:34.671 [restartedMain] INFO  c.alibaba.druid.pool.DruidDataSource - [init,996] - {dataSource-3} inited
2023-08-20 14:27:35.267 [restartedMain] INFO  o.a.coyote.http11.Http11NioProtocol - [log,173] - Starting ProtocolHandler ["http-nio-8081"]
2023-08-20 14:27:36.968 [restartedMain] INFO  net.ltbk.music.MusicApplication - [logStarted,61] - Started MusicApplication in 2.609 seconds (JVM running for 596.108)
2023-08-20 14:27:41.456 [Thread-26] INFO  o.a.coyote.http11.Http11NioProtocol - [log,173] - Pausing ProtocolHandler ["http-nio-8081"]
2023-08-20 14:27:41.458 [Thread-26] INFO  o.a.catalina.core.StandardService - [log,173] - Stopping service [Tomcat]
2023-08-20 14:27:41.463 [Thread-26] INFO  o.a.coyote.http11.Http11NioProtocol - [log,173] - Stopping ProtocolHandler ["http-nio-8081"]
2023-08-20 14:27:41.466 [Thread-26] INFO  o.a.coyote.http11.Http11NioProtocol - [log,173] - Destroying ProtocolHandler ["http-nio-8081"]
2023-08-20 14:27:41.470 [Thread-26] INFO  c.alibaba.druid.pool.DruidDataSource - [close,2138] - {dataSource-3} closing ...
2023-08-20 14:27:41.471 [Thread-26] INFO  c.alibaba.druid.pool.DruidDataSource - [close,2211] - {dataSource-3} closed
2023-08-20 14:27:41.702 [restartedMain] INFO  net.ltbk.music.MusicApplication - [logStarting,55] - Starting MusicApplication using Java 1.8.0_381 on DELL-G3 with PID 15988 (F:\软件开发\项目\SpringBoot+Thymeleaf\music\target\classes started by aa152 in F:\软件开发\项目\SpringBoot+Thymeleaf\music)
2023-08-20 14:27:41.703 [restartedMain] INFO  net.ltbk.music.MusicApplication - [logStartupProfileInfo,651] - The following 1 profile is active: "dev"
2023-08-20 14:27:42.068 [restartedMain] INFO  o.a.coyote.http11.Http11NioProtocol - [log,173] - Initializing ProtocolHandler ["http-nio-8081"]
2023-08-20 14:27:42.068 [restartedMain] INFO  o.a.catalina.core.StandardService - [log,173] - Starting service [Tomcat]
2023-08-20 14:27:42.068 [restartedMain] INFO  o.a.catalina.core.StandardEngine - [log,173] - Starting Servlet engine: [Apache Tomcat/9.0.65]
2023-08-20 14:27:42.079 [restartedMain] INFO  o.a.c.c.C.[Tomcat].[localhost].[/] - [log,173] - Initializing Spring embedded WebApplicationContext
2023-08-20 14:27:42.094 [restartedMain] INFO  c.a.d.s.b.a.DruidDataSourceAutoConfigure - [dataSource,55] - Init DruidDataSource
2023-08-20 14:27:42.103 [restartedMain] INFO  c.alibaba.druid.pool.DruidDataSource - [init,996] - {dataSource-4} inited
2023-08-20 14:27:42.793 [restartedMain] INFO  o.a.coyote.http11.Http11NioProtocol - [log,173] - Starting ProtocolHandler ["http-nio-8081"]
2023-08-20 14:27:44.049 [restartedMain] INFO  net.ltbk.music.MusicApplication - [logStarted,61] - Started MusicApplication in 2.387 seconds (JVM running for 603.189)
2023-08-20 14:27:44.694 [Thread-30] INFO  o.a.coyote.http11.Http11NioProtocol - [log,173] - Pausing ProtocolHandler ["http-nio-8081"]
2023-08-20 14:27:44.695 [Thread-30] INFO  o.a.catalina.core.StandardService - [log,173] - Stopping service [Tomcat]
2023-08-20 14:27:44.699 [Thread-30] INFO  o.a.coyote.http11.Http11NioProtocol - [log,173] - Stopping ProtocolHandler ["http-nio-8081"]
2023-08-20 14:27:44.701 [Thread-30] INFO  o.a.coyote.http11.Http11NioProtocol - [log,173] - Destroying ProtocolHandler ["http-nio-8081"]
2023-08-20 14:27:44.703 [Thread-30] INFO  c.alibaba.druid.pool.DruidDataSource - [close,2138] - {dataSource-4} closing ...
2023-08-20 14:27:44.703 [Thread-30] INFO  c.alibaba.druid.pool.DruidDataSource - [close,2211] - {dataSource-4} closed
2023-08-20 14:27:44.829 [restartedMain] INFO  net.ltbk.music.MusicApplication - [logStarting,55] - Starting MusicApplication using Java 1.8.0_381 on DELL-G3 with PID 15988 (F:\软件开发\项目\SpringBoot+Thymeleaf\music\target\classes started by aa152 in F:\软件开发\项目\SpringBoot+Thymeleaf\music)
2023-08-20 14:27:44.829 [restartedMain] INFO  net.ltbk.music.MusicApplication - [logStartupProfileInfo,651] - The following 1 profile is active: "dev"
2023-08-20 14:27:45.065 [restartedMain] INFO  o.a.coyote.http11.Http11NioProtocol - [log,173] - Initializing ProtocolHandler ["http-nio-8081"]
2023-08-20 14:27:45.066 [restartedMain] INFO  o.a.catalina.core.StandardService - [log,173] - Starting service [Tomcat]
2023-08-20 14:27:45.066 [restartedMain] INFO  o.a.catalina.core.StandardEngine - [log,173] - Starting Servlet engine: [Apache Tomcat/9.0.65]
2023-08-20 14:27:45.075 [restartedMain] INFO  o.a.c.c.C.[Tomcat].[localhost].[/] - [log,173] - Initializing Spring embedded WebApplicationContext
2023-08-20 14:27:45.086 [restartedMain] INFO  c.a.d.s.b.a.DruidDataSourceAutoConfigure - [dataSource,55] - Init DruidDataSource
2023-08-20 14:27:45.093 [restartedMain] INFO  c.alibaba.druid.pool.DruidDataSource - [init,996] - {dataSource-5} inited
2023-08-20 14:27:45.678 [restartedMain] INFO  o.a.coyote.http11.Http11NioProtocol - [log,173] - Starting ProtocolHandler ["http-nio-8081"]
2023-08-20 14:27:47.412 [restartedMain] INFO  net.ltbk.music.MusicApplication - [logStarted,61] - Started MusicApplication in 2.607 seconds (JVM running for 606.552)
2023-08-20 14:27:51.839 [Thread-34] INFO  o.a.coyote.http11.Http11NioProtocol - [log,173] - Pausing ProtocolHandler ["http-nio-8081"]
2023-08-20 14:27:51.840 [Thread-34] INFO  o.a.catalina.core.StandardService - [log,173] - Stopping service [Tomcat]
2023-08-20 14:27:51.845 [Thread-34] INFO  o.a.coyote.http11.Http11NioProtocol - [log,173] - Stopping ProtocolHandler ["http-nio-8081"]
2023-08-20 14:27:51.847 [Thread-34] INFO  o.a.coyote.http11.Http11NioProtocol - [log,173] - Destroying ProtocolHandler ["http-nio-8081"]
2023-08-20 14:27:51.849 [Thread-34] INFO  c.alibaba.druid.pool.DruidDataSource - [close,2138] - {dataSource-5} closing ...
2023-08-20 14:27:51.850 [Thread-34] INFO  c.alibaba.druid.pool.DruidDataSource - [close,2211] - {dataSource-5} closed
2023-08-20 14:27:51.962 [restartedMain] INFO  net.ltbk.music.MusicApplication - [logStarting,55] - Starting MusicApplication using Java 1.8.0_381 on DELL-G3 with PID 15988 (F:\软件开发\项目\SpringBoot+Thymeleaf\music\target\classes started by aa152 in F:\软件开发\项目\SpringBoot+Thymeleaf\music)
2023-08-20 14:27:51.963 [restartedMain] INFO  net.ltbk.music.MusicApplication - [logStartupProfileInfo,651] - The following 1 profile is active: "dev"
2023-08-20 14:27:52.225 [restartedMain] INFO  o.a.coyote.http11.Http11NioProtocol - [log,173] - Initializing ProtocolHandler ["http-nio-8081"]
2023-08-20 14:27:52.225 [restartedMain] INFO  o.a.catalina.core.StandardService - [log,173] - Starting service [Tomcat]
2023-08-20 14:27:52.225 [restartedMain] INFO  o.a.catalina.core.StandardEngine - [log,173] - Starting Servlet engine: [Apache Tomcat/9.0.65]
2023-08-20 14:27:52.234 [restartedMain] INFO  o.a.c.c.C.[Tomcat].[localhost].[/] - [log,173] - Initializing Spring embedded WebApplicationContext
2023-08-20 14:27:52.246 [restartedMain] INFO  c.a.d.s.b.a.DruidDataSourceAutoConfigure - [dataSource,55] - Init DruidDataSource
2023-08-20 14:27:52.253 [restartedMain] INFO  c.alibaba.druid.pool.DruidDataSource - [init,996] - {dataSource-6} inited
2023-08-20 14:27:52.852 [restartedMain] INFO  o.a.coyote.http11.Http11NioProtocol - [log,173] - Starting ProtocolHandler ["http-nio-8081"]
2023-08-20 14:27:54.623 [restartedMain] INFO  net.ltbk.music.MusicApplication - [logStarted,61] - Started MusicApplication in 2.684 seconds (JVM running for 613.763)
2023-08-20 14:27:55.892 [Thread-38] INFO  o.a.coyote.http11.Http11NioProtocol - [log,173] - Pausing ProtocolHandler ["http-nio-8081"]
2023-08-20 14:27:55.893 [Thread-38] INFO  o.a.catalina.core.StandardService - [log,173] - Stopping service [Tomcat]
2023-08-20 14:27:55.899 [Thread-38] INFO  o.a.coyote.http11.Http11NioProtocol - [log,173] - Stopping ProtocolHandler ["http-nio-8081"]
2023-08-20 14:27:55.901 [Thread-38] INFO  o.a.coyote.http11.Http11NioProtocol - [log,173] - Destroying ProtocolHandler ["http-nio-8081"]
2023-08-20 14:27:55.902 [Thread-38] INFO  c.alibaba.druid.pool.DruidDataSource - [close,2138] - {dataSource-6} closing ...
2023-08-20 14:27:55.902 [Thread-38] INFO  c.alibaba.druid.pool.DruidDataSource - [close,2211] - {dataSource-6} closed
2023-08-20 14:27:56.079 [restartedMain] INFO  net.ltbk.music.MusicApplication - [logStarting,55] - Starting MusicApplication using Java 1.8.0_381 on DELL-G3 with PID 15988 (F:\软件开发\项目\SpringBoot+Thymeleaf\music\target\classes started by aa152 in F:\软件开发\项目\SpringBoot+Thymeleaf\music)
2023-08-20 14:27:56.079 [restartedMain] INFO  net.ltbk.music.MusicApplication - [logStartupProfileInfo,651] - The following 1 profile is active: "dev"
2023-08-20 14:27:56.454 [restartedMain] INFO  o.a.coyote.http11.Http11NioProtocol - [log,173] - Initializing ProtocolHandler ["http-nio-8081"]
2023-08-20 14:27:56.455 [restartedMain] INFO  o.a.catalina.core.StandardService - [log,173] - Starting service [Tomcat]
2023-08-20 14:27:56.455 [restartedMain] INFO  o.a.catalina.core.StandardEngine - [log,173] - Starting Servlet engine: [Apache Tomcat/9.0.65]
2023-08-20 14:27:56.468 [restartedMain] INFO  o.a.c.c.C.[Tomcat].[localhost].[/] - [log,173] - Initializing Spring embedded WebApplicationContext
2023-08-20 14:27:56.487 [restartedMain] INFO  c.a.d.s.b.a.DruidDataSourceAutoConfigure - [dataSource,55] - Init DruidDataSource
2023-08-20 14:27:56.497 [restartedMain] INFO  c.alibaba.druid.pool.DruidDataSource - [init,996] - {dataSource-7} inited
2023-08-20 14:27:57.443 [restartedMain] INFO  o.a.coyote.http11.Http11NioProtocol - [log,173] - Starting ProtocolHandler ["http-nio-8081"]
2023-08-20 14:27:58.799 [restartedMain] INFO  net.ltbk.music.MusicApplication - [logStarted,61] - Started MusicApplication in 2.754 seconds (JVM running for 617.938)
2023-08-20 14:27:59.388 [Thread-42] INFO  o.a.coyote.http11.Http11NioProtocol - [log,173] - Pausing ProtocolHandler ["http-nio-8081"]
2023-08-20 14:27:59.389 [Thread-42] INFO  o.a.catalina.core.StandardService - [log,173] - Stopping service [Tomcat]
2023-08-20 14:27:59.392 [Thread-42] INFO  o.a.coyote.http11.Http11NioProtocol - [log,173] - Stopping ProtocolHandler ["http-nio-8081"]
2023-08-20 14:27:59.393 [Thread-42] INFO  o.a.coyote.http11.Http11NioProtocol - [log,173] - Destroying ProtocolHandler ["http-nio-8081"]
2023-08-20 14:27:59.395 [Thread-42] INFO  c.alibaba.druid.pool.DruidDataSource - [close,2138] - {dataSource-7} closing ...
2023-08-20 14:27:59.395 [Thread-42] INFO  c.alibaba.druid.pool.DruidDataSource - [close,2211] - {dataSource-7} closed
2023-08-20 14:27:59.508 [restartedMain] INFO  net.ltbk.music.MusicApplication - [logStarting,55] - Starting MusicApplication using Java 1.8.0_381 on DELL-G3 with PID 15988 (F:\软件开发\项目\SpringBoot+Thymeleaf\music\target\classes started by aa152 in F:\软件开发\项目\SpringBoot+Thymeleaf\music)
2023-08-20 14:27:59.508 [restartedMain] INFO  net.ltbk.music.MusicApplication - [logStartupProfileInfo,651] - The following 1 profile is active: "dev"
2023-08-20 14:27:59.743 [restartedMain] INFO  o.a.coyote.http11.Http11NioProtocol - [log,173] - Initializing ProtocolHandler ["http-nio-8081"]
2023-08-20 14:27:59.743 [restartedMain] INFO  o.a.catalina.core.StandardService - [log,173] - Starting service [Tomcat]
2023-08-20 14:27:59.743 [restartedMain] INFO  o.a.catalina.core.StandardEngine - [log,173] - Starting Servlet engine: [Apache Tomcat/9.0.65]
2023-08-20 14:27:59.752 [restartedMain] INFO  o.a.c.c.C.[Tomcat].[localhost].[/] - [log,173] - Initializing Spring embedded WebApplicationContext
2023-08-20 14:27:59.764 [restartedMain] INFO  c.a.d.s.b.a.DruidDataSourceAutoConfigure - [dataSource,55] - Init DruidDataSource
2023-08-20 14:27:59.772 [restartedMain] INFO  c.alibaba.druid.pool.DruidDataSource - [init,996] - {dataSource-8} inited
2023-08-20 14:28:00.549 [restartedMain] INFO  o.a.coyote.http11.Http11NioProtocol - [log,173] - Starting ProtocolHandler ["http-nio-8081"]
2023-08-20 14:28:02.048 [restartedMain] INFO  net.ltbk.music.MusicApplication - [logStarted,61] - Started MusicApplication in 2.561 seconds (JVM running for 621.188)
2023-08-20 14:28:05.581 [Thread-46] INFO  o.a.coyote.http11.Http11NioProtocol - [log,173] - Pausing ProtocolHandler ["http-nio-8081"]
2023-08-20 14:28:05.582 [Thread-46] INFO  o.a.catalina.core.StandardService - [log,173] - Stopping service [Tomcat]
2023-08-20 14:28:05.586 [Thread-46] INFO  o.a.coyote.http11.Http11NioProtocol - [log,173] - Stopping ProtocolHandler ["http-nio-8081"]
2023-08-20 14:28:05.587 [Thread-46] INFO  o.a.coyote.http11.Http11NioProtocol - [log,173] - Destroying ProtocolHandler ["http-nio-8081"]
2023-08-20 14:28:05.589 [Thread-46] INFO  c.alibaba.druid.pool.DruidDataSource - [close,2138] - {dataSource-8} closing ...
2023-08-20 14:28:05.589 [Thread-46] INFO  c.alibaba.druid.pool.DruidDataSource - [close,2211] - {dataSource-8} closed
2023-08-20 14:28:05.735 [restartedMain] INFO  net.ltbk.music.MusicApplication - [logStarting,55] - Starting MusicApplication using Java 1.8.0_381 on DELL-G3 with PID 15988 (F:\软件开发\项目\SpringBoot+Thymeleaf\music\target\classes started by aa152 in F:\软件开发\项目\SpringBoot+Thymeleaf\music)
2023-08-20 14:28:05.735 [restartedMain] INFO  net.ltbk.music.MusicApplication - [logStartupProfileInfo,651] - The following 1 profile is active: "dev"
2023-08-20 14:28:05.981 [restartedMain] INFO  o.a.coyote.http11.Http11NioProtocol - [log,173] - Initializing ProtocolHandler ["http-nio-8081"]
2023-08-20 14:28:05.982 [restartedMain] INFO  o.a.catalina.core.StandardService - [log,173] - Starting service [Tomcat]
2023-08-20 14:28:05.982 [restartedMain] INFO  o.a.catalina.core.StandardEngine - [log,173] - Starting Servlet engine: [Apache Tomcat/9.0.65]
2023-08-20 14:28:05.995 [restartedMain] INFO  o.a.c.c.C.[Tomcat].[localhost].[/] - [log,173] - Initializing Spring embedded WebApplicationContext
2023-08-20 14:28:06.011 [restartedMain] INFO  c.a.d.s.b.a.DruidDataSourceAutoConfigure - [dataSource,55] - Init DruidDataSource
2023-08-20 14:28:06.019 [restartedMain] INFO  c.alibaba.druid.pool.DruidDataSource - [init,996] - {dataSource-9} inited
2023-08-20 14:28:06.611 [restartedMain] INFO  o.a.coyote.http11.Http11NioProtocol - [log,173] - Starting ProtocolHandler ["http-nio-8081"]
2023-08-20 14:28:08.369 [restartedMain] INFO  net.ltbk.music.MusicApplication - [logStarted,61] - Started MusicApplication in 2.655 seconds (JVM running for 627.508)
2023-08-20 14:28:09.687 [Thread-50] INFO  o.a.coyote.http11.Http11NioProtocol - [log,173] - Pausing ProtocolHandler ["http-nio-8081"]
2023-08-20 14:28:09.688 [Thread-50] INFO  o.a.catalina.core.StandardService - [log,173] - Stopping service [Tomcat]
2023-08-20 14:28:09.692 [Thread-50] INFO  o.a.coyote.http11.Http11NioProtocol - [log,173] - Stopping ProtocolHandler ["http-nio-8081"]
2023-08-20 14:28:09.694 [Thread-50] INFO  o.a.coyote.http11.Http11NioProtocol - [log,173] - Destroying ProtocolHandler ["http-nio-8081"]
2023-08-20 14:28:09.697 [Thread-50] INFO  c.alibaba.druid.pool.DruidDataSource - [close,2138] - {dataSource-9} closing ...
2023-08-20 14:28:09.698 [Thread-50] INFO  c.alibaba.druid.pool.DruidDataSource - [close,2211] - {dataSource-9} closed
2023-08-20 14:28:09.880 [restartedMain] INFO  net.ltbk.music.MusicApplication - [logStarting,55] - Starting MusicApplication using Java 1.8.0_381 on DELL-G3 with PID 15988 (F:\软件开发\项目\SpringBoot+Thymeleaf\music\target\classes started by aa152 in F:\软件开发\项目\SpringBoot+Thymeleaf\music)
2023-08-20 14:28:09.880 [restartedMain] INFO  net.ltbk.music.MusicApplication - [logStartupProfileInfo,651] - The following 1 profile is active: "dev"
2023-08-20 14:28:10.268 [restartedMain] INFO  o.a.coyote.http11.Http11NioProtocol - [log,173] - Initializing ProtocolHandler ["http-nio-8081"]
2023-08-20 14:28:10.268 [restartedMain] INFO  o.a.catalina.core.StandardService - [log,173] - Starting service [Tomcat]
2023-08-20 14:28:10.268 [restartedMain] INFO  o.a.catalina.core.StandardEngine - [log,173] - Starting Servlet engine: [Apache Tomcat/9.0.65]
2023-08-20 14:28:10.282 [restartedMain] INFO  o.a.c.c.C.[Tomcat].[localhost].[/] - [log,173] - Initializing Spring embedded WebApplicationContext
2023-08-20 14:28:10.309 [restartedMain] INFO  c.a.d.s.b.a.DruidDataSourceAutoConfigure - [dataSource,55] - Init DruidDataSource
2023-08-20 14:28:10.320 [restartedMain] INFO  c.alibaba.druid.pool.DruidDataSource - [init,996] - {dataSource-10} inited
2023-08-20 14:28:11.090 [restartedMain] INFO  o.a.coyote.http11.Http11NioProtocol - [log,173] - Starting ProtocolHandler ["http-nio-8081"]
2023-08-20 14:28:12.664 [restartedMain] INFO  net.ltbk.music.MusicApplication - [logStarted,61] - Started MusicApplication in 2.813 seconds (JVM running for 631.804)
2023-08-20 14:28:13.188 [Thread-54] INFO  o.a.coyote.http11.Http11NioProtocol - [log,173] - Pausing ProtocolHandler ["http-nio-8081"]
2023-08-20 14:28:13.189 [Thread-54] INFO  o.a.catalina.core.StandardService - [log,173] - Stopping service [Tomcat]
2023-08-20 14:28:13.193 [Thread-54] INFO  o.a.coyote.http11.Http11NioProtocol - [log,173] - Stopping ProtocolHandler ["http-nio-8081"]
2023-08-20 14:28:13.195 [Thread-54] INFO  o.a.coyote.http11.Http11NioProtocol - [log,173] - Destroying ProtocolHandler ["http-nio-8081"]
2023-08-20 14:28:13.199 [Thread-54] INFO  c.alibaba.druid.pool.DruidDataSource - [close,2138] - {dataSource-10} closing ...
2023-08-20 14:28:13.199 [Thread-54] INFO  c.alibaba.druid.pool.DruidDataSource - [close,2211] - {dataSource-10} closed
2023-08-20 14:28:13.366 [restartedMain] INFO  net.ltbk.music.MusicApplication - [logStarting,55] - Starting MusicApplication using Java 1.8.0_381 on DELL-G3 with PID 15988 (F:\软件开发\项目\SpringBoot+Thymeleaf\music\target\classes started by aa152 in F:\软件开发\项目\SpringBoot+Thymeleaf\music)
2023-08-20 14:28:13.366 [restartedMain] INFO  net.ltbk.music.MusicApplication - [logStartupProfileInfo,651] - The following 1 profile is active: "dev"
2023-08-20 14:28:13.667 [restartedMain] INFO  o.a.coyote.http11.Http11NioProtocol - [log,173] - Initializing ProtocolHandler ["http-nio-8081"]
2023-08-20 14:28:13.668 [restartedMain] INFO  o.a.catalina.core.StandardService - [log,173] - Starting service [Tomcat]
2023-08-20 14:28:13.668 [restartedMain] INFO  o.a.catalina.core.StandardEngine - [log,173] - Starting Servlet engine: [Apache Tomcat/9.0.65]
2023-08-20 14:28:13.677 [restartedMain] INFO  o.a.c.c.C.[Tomcat].[localhost].[/] - [log,173] - Initializing Spring embedded WebApplicationContext
2023-08-20 14:28:13.690 [restartedMain] INFO  c.a.d.s.b.a.DruidDataSourceAutoConfigure - [dataSource,55] - Init DruidDataSource
2023-08-20 14:28:13.697 [restartedMain] INFO  c.alibaba.druid.pool.DruidDataSource - [init,996] - {dataSource-11} inited
2023-08-20 14:28:14.290 [restartedMain] INFO  o.a.coyote.http11.Http11NioProtocol - [log,173] - Starting ProtocolHandler ["http-nio-8081"]
2023-08-20 14:28:15.740 [restartedMain] INFO  net.ltbk.music.MusicApplication - [logStarted,61] - Started MusicApplication in 2.398 seconds (JVM running for 634.879)
2023-08-20 14:28:18.951 [http-nio-8081-exec-1] INFO  o.a.c.c.C.[Tomcat].[localhost].[/] - [log,173] - Initializing Spring DispatcherServlet 'dispatcherServlet'
2023-08-20 14:28:20.655 [http-nio-8081-exec-3] INFO  n.l.m.controller.SongListController - [allSongLists,43] - pageNum：1 pageSize：12
2023-08-20 14:48:13.753 [SpringApplicationShutdownHook] INFO  c.alibaba.druid.pool.DruidDataSource - [close,2138] - {dataSource-11} closing ...
2023-08-20 14:48:13.757 [SpringApplicationShutdownHook] INFO  c.alibaba.druid.pool.DruidDataSource - [close,2211] - {dataSource-11} closed
