2024-11-23 22:02:33.936 [background-preinit] INFO  o.h.validator.internal.util.Version - [<clinit>,27] - HV000001: Hibernate Validator 5.1.2.Final
2024-11-23 22:02:33.958 [restartedMain] INFO  net.ltbk.music.MusicApplication - [logStarting,55] - Starting MusicApplication using Java 1.8.0_401 on DESKTOP-4DD9P12 with PID 4020 (K:\软件开发\项目\SpringBoot+Thymeleaf\TG-Music\target\classes started by aa152 in K:\软件开发\项目\SpringBoot+Thymeleaf\TG-Music)
2024-11-23 22:02:33.958 [restartedMain] INFO  net.ltbk.music.MusicApplication - [logStartupProfileInfo,645] - No active profile set, falling back to 1 default profile: "default"
2024-11-23 22:02:36.050 [restartedMain] INFO  o.a.coyote.http11.Http11NioProtocol - [log,173] - Initializing ProtocolHandler ["http-nio-8081"]
2024-11-23 22:02:36.052 [restartedMain] INFO  o.a.catalina.core.StandardService - [log,173] - Starting service [Tomcat]
2024-11-23 22:02:36.052 [restartedMain] INFO  o.a.catalina.core.StandardEngine - [log,173] - Starting Servlet engine: [Apache Tomcat/9.0.65]
2024-11-23 22:02:36.091 [restartedMain] INFO  o.a.c.c.C.[Tomcat].[localhost].[/] - [log,173] - Initializing Spring embedded WebApplicationContext
2024-11-23 22:02:36.212 [restartedMain] INFO  c.a.d.s.b.a.DruidDataSourceAutoConfigure - [dataSource,55] - Init DruidDataSource
2024-11-23 22:02:36.288 [restartedMain] INFO  c.alibaba.druid.pool.DruidDataSource - [init,996] - {dataSource-1} inited
2024-11-23 22:02:37.935 [restartedMain] INFO  o.a.coyote.http11.Http11NioProtocol - [log,173] - Starting ProtocolHandler ["http-nio-8081"]
2024-11-23 22:02:39.031 [restartedMain] INFO  net.ltbk.music.MusicApplication - [logStarted,61] - Started MusicApplication in 5.502 seconds (JVM running for 6.375)
2024-11-23 22:02:39.033 [restartedMain] INFO  n.l.m.runner.MusicApplicationRunner - [run,25] - 程序部署完成，访问地址：http://localhost:8081
2024-11-23 22:02:39.034 [restartedMain] INFO  n.l.m.runner.MusicApplicationRunner - [run,26] - Swagger文档，访问地址：http://localhost:8081/doc.html
2024-11-23 22:02:42.320 [http-nio-8081-exec-2] INFO  o.a.c.c.C.[Tomcat].[localhost].[/] - [log,173] - Initializing Spring DispatcherServlet 'dispatcherServlet'
2024-11-23 22:02:43.146 [http-nio-8081-exec-6] INFO  n.l.music.controller.AlbumController - [page,65] - Album{albumId=null, album='null', singerId=null, albumImg='null', introduction='null', company='null', singer=null, songs=null, time=null, count=0}
2024-11-23 22:02:43.148 [http-nio-8081-exec-6] INFO  n.l.music.controller.AlbumController - [page,66] - null-null
2024-11-23 22:02:43.148 [http-nio-8081-exec-6] INFO  n.l.music.controller.AlbumController - [page,67] - pageNum：1 pageSize：6
2024-11-23 22:02:43.151 [http-nio-8081-exec-9] INFO  n.l.m.controller.SongListController - [page,56] - SongList{songListId=null, songList='null', introduction='null', imgUrl='null', time=null, userId=null, createUser='null', songs=null, albums=null, singers=null, count=null, fenLeis=null, songDto=null}
2024-11-23 22:02:43.152 [http-nio-8081-exec-9] INFO  n.l.m.controller.SongListController - [page,57] - 0
2024-11-23 22:02:52.042 [http-nio-8081-exec-5] INFO  n.l.music.controller.AlbumController - [page,65] - Album{albumId=null, album='null', singerId=null, albumImg='null', introduction='null', company='null', singer=null, songs=null, time=null, count=0}
2024-11-23 22:02:52.042 [http-nio-8081-exec-8] INFO  n.l.m.controller.SongListController - [page,56] - SongList{songListId=null, songList='null', introduction='null', imgUrl='null', time=null, userId=null, createUser='null', songs=null, albums=null, singers=null, count=null, fenLeis=null, songDto=null}
2024-11-23 22:02:52.042 [http-nio-8081-exec-5] INFO  n.l.music.controller.AlbumController - [page,66] - null-null
2024-11-23 22:02:52.043 [http-nio-8081-exec-8] INFO  n.l.m.controller.SongListController - [page,57] - 0
2024-11-23 22:02:52.043 [http-nio-8081-exec-5] INFO  n.l.music.controller.AlbumController - [page,67] - pageNum：1 pageSize：6
2024-11-23 22:03:19.560 [http-nio-8081-exec-10] INFO  n.l.music.controller.AlbumController - [page,65] - Album{albumId=null, album='null', singerId=null, albumImg='null', introduction='null', company='null', singer=null, songs=null, time=null, count=0}
2024-11-23 22:03:19.560 [http-nio-8081-exec-4] INFO  n.l.m.controller.SongListController - [page,56] - SongList{songListId=null, songList='null', introduction='null', imgUrl='null', time=null, userId=null, createUser='null', songs=null, albums=null, singers=null, count=null, fenLeis=null, songDto=null}
2024-11-23 22:03:19.561 [http-nio-8081-exec-10] INFO  n.l.music.controller.AlbumController - [page,66] - null-null
2024-11-23 22:03:19.561 [http-nio-8081-exec-4] INFO  n.l.m.controller.SongListController - [page,57] - 0
2024-11-23 22:03:19.561 [http-nio-8081-exec-10] INFO  n.l.music.controller.AlbumController - [page,67] - pageNum：1 pageSize：6
2024-11-23 22:03:33.148 [http-nio-8081-exec-6] INFO  n.l.music.controller.UserController - [userLogin,36] - 登录用户：User{userId=null, nickName='null', account='aaa', pwd='123123', phone='null', email='null', userName='null', sex='null', headImg='null', type='null', personalSignature='null', birthday=null, songs=null, singers=null, albums=null, createdList=null, colList=null, time=null}
2024-11-23 22:03:36.652 [http-nio-8081-exec-10] INFO  n.l.m.c.interceptor.LoginInterceptor - [preHandle,30] - 请求地址：/user/getUserInfo/10
2024-11-23 22:03:36.653 [http-nio-8081-exec-2] INFO  n.l.music.controller.AlbumController - [page,65] - Album{albumId=null, album='null', singerId=null, albumImg='null', introduction='null', company='null', singer=null, songs=null, time=null, count=0}
2024-11-23 22:03:36.653 [http-nio-8081-exec-10] INFO  n.l.m.c.interceptor.LoginInterceptor - [preHandle,31] - 登录用户：User{userId=10, nickName='测试用户1', account='aaa', pwd='123123', phone='15282330786', email='310516dd1314@qq.com', userName='李嘉欣', sex='女', headImg='/headImg/head.jpg', type='管理员', personalSignature='额我热温热', birthday=Sat Feb 29 00:00:00 CST 2020, songs=null, singers=null, albums=null, createdList=null, colList=null, time=2023-07-31 00:00:00.0}
2024-11-23 22:03:36.653 [http-nio-8081-exec-1] INFO  n.l.m.controller.SongListController - [page,56] - SongList{songListId=null, songList='null', introduction='null', imgUrl='null', time=null, userId=null, createUser='null', songs=null, albums=null, singers=null, count=null, fenLeis=null, songDto=null}
2024-11-23 22:03:36.653 [http-nio-8081-exec-1] INFO  n.l.m.controller.SongListController - [page,57] - 0
2024-11-23 22:03:36.653 [http-nio-8081-exec-2] INFO  n.l.music.controller.AlbumController - [page,66] - null-null
2024-11-23 22:03:36.654 [http-nio-8081-exec-10] INFO  n.l.music.controller.UserController - [getUserLoginInfo,100] - 当前用户：User{userId=10, nickName='测试用户1', account='aaa', pwd='123123', phone='15282330786', email='310516dd1314@qq.com', userName='李嘉欣', sex='女', headImg='/headImg/head.jpg', type='管理员', personalSignature='额我热温热', birthday=Sat Feb 29 00:00:00 CST 2020, songs=null, singers=null, albums=null, createdList=null, colList=null, time=2023-07-31 00:00:00.0}
2024-11-23 22:03:36.654 [http-nio-8081-exec-2] INFO  n.l.music.controller.AlbumController - [page,67] - pageNum：1 pageSize：6
2024-11-23 22:03:36.678 [http-nio-8081-exec-9] INFO  n.l.m.c.interceptor.LoginInterceptor - [preHandle,30] - 请求地址：/user/songStatus
2024-11-23 22:03:36.678 [http-nio-8081-exec-6] INFO  n.l.m.c.interceptor.LoginInterceptor - [preHandle,30] - 请求地址：/user/songStatus
2024-11-23 22:03:36.678 [http-nio-8081-exec-5] INFO  n.l.m.c.interceptor.LoginInterceptor - [preHandle,30] - 请求地址：/user/songStatus
2024-11-23 22:03:36.678 [http-nio-8081-exec-4] INFO  n.l.m.c.interceptor.LoginInterceptor - [preHandle,30] - 请求地址：/user/songStatus
2024-11-23 22:03:36.678 [http-nio-8081-exec-9] INFO  n.l.m.c.interceptor.LoginInterceptor - [preHandle,31] - 登录用户：User{userId=10, nickName='测试用户1', account='aaa', pwd='123123', phone='15282330786', email='310516dd1314@qq.com', userName='李嘉欣', sex='女', headImg='/headImg/head.jpg', type='管理员', personalSignature='额我热温热', birthday=Sat Feb 29 00:00:00 CST 2020, songs=null, singers=null, albums=null, createdList=null, colList=null, time=2023-07-31 00:00:00.0}
2024-11-23 22:03:36.678 [http-nio-8081-exec-6] INFO  n.l.m.c.interceptor.LoginInterceptor - [preHandle,31] - 登录用户：User{userId=10, nickName='测试用户1', account='aaa', pwd='123123', phone='15282330786', email='310516dd1314@qq.com', userName='李嘉欣', sex='女', headImg='/headImg/head.jpg', type='管理员', personalSignature='额我热温热', birthday=Sat Feb 29 00:00:00 CST 2020, songs=null, singers=null, albums=null, createdList=null, colList=null, time=2023-07-31 00:00:00.0}
2024-11-23 22:03:36.678 [http-nio-8081-exec-4] INFO  n.l.m.c.interceptor.LoginInterceptor - [preHandle,31] - 登录用户：User{userId=10, nickName='测试用户1', account='aaa', pwd='123123', phone='15282330786', email='310516dd1314@qq.com', userName='李嘉欣', sex='女', headImg='/headImg/head.jpg', type='管理员', personalSignature='额我热温热', birthday=Sat Feb 29 00:00:00 CST 2020, songs=null, singers=null, albums=null, createdList=null, colList=null, time=2023-07-31 00:00:00.0}
2024-11-23 22:03:36.678 [http-nio-8081-exec-5] INFO  n.l.m.c.interceptor.LoginInterceptor - [preHandle,31] - 登录用户：User{userId=10, nickName='测试用户1', account='aaa', pwd='123123', phone='15282330786', email='310516dd1314@qq.com', userName='李嘉欣', sex='女', headImg='/headImg/head.jpg', type='管理员', personalSignature='额我热温热', birthday=Sat Feb 29 00:00:00 CST 2020, songs=null, singers=null, albums=null, createdList=null, colList=null, time=2023-07-31 00:00:00.0}
2024-11-23 22:03:54.352 [http-nio-8081-exec-3] INFO  n.l.m.c.interceptor.LoginInterceptor - [preHandle,30] - 请求地址：/admin
2024-11-23 22:03:54.353 [http-nio-8081-exec-3] INFO  n.l.m.c.interceptor.LoginInterceptor - [preHandle,31] - 登录用户：User{userId=10, nickName='测试用户1', account='aaa', pwd='123123', phone='15282330786', email='310516dd1314@qq.com', userName='李嘉欣', sex='女', headImg='/headImg/head.jpg', type='管理员', personalSignature='额我热温热', birthday=Sat Feb 29 00:00:00 CST 2020, songs=null, singers=null, albums=null, createdList=null, colList=null, time=2023-07-31 00:00:00.0}
2024-11-23 22:03:54.353 [http-nio-8081-exec-3] INFO  n.l.m.c.interceptor.AdminInterceptor - [preHandle,29] - 请求地址：/admin
2024-11-23 22:03:54.353 [http-nio-8081-exec-3] INFO  n.l.m.c.interceptor.AdminInterceptor - [preHandle,30] - 登录用户：User{userId=10, nickName='测试用户1', account='aaa', pwd='123123', phone='15282330786', email='310516dd1314@qq.com', userName='李嘉欣', sex='女', headImg='/headImg/head.jpg', type='管理员', personalSignature='额我热温热', birthday=Sat Feb 29 00:00:00 CST 2020, songs=null, singers=null, albums=null, createdList=null, colList=null, time=2023-07-31 00:00:00.0}
2024-11-23 22:03:54.354 [http-nio-8081-exec-3] INFO  n.l.m.c.interceptor.AdminInterceptor - [preHandle,32] - 通过
2024-11-23 22:03:54.516 [http-nio-8081-exec-6] INFO  n.l.m.c.interceptor.LoginInterceptor - [preHandle,30] - 请求地址：/error
2024-11-23 22:03:54.516 [http-nio-8081-exec-7] INFO  n.l.m.c.interceptor.LoginInterceptor - [preHandle,30] - 请求地址：/error
2024-11-23 22:03:54.516 [http-nio-8081-exec-6] INFO  n.l.m.c.interceptor.LoginInterceptor - [preHandle,31] - 登录用户：User{userId=10, nickName='测试用户1', account='aaa', pwd='123123', phone='15282330786', email='310516dd1314@qq.com', userName='李嘉欣', sex='女', headImg='/headImg/head.jpg', type='管理员', personalSignature='额我热温热', birthday=Sat Feb 29 00:00:00 CST 2020, songs=null, singers=null, albums=null, createdList=null, colList=null, time=2023-07-31 00:00:00.0}
2024-11-23 22:03:54.516 [http-nio-8081-exec-7] INFO  n.l.m.c.interceptor.LoginInterceptor - [preHandle,31] - 登录用户：User{userId=10, nickName='测试用户1', account='aaa', pwd='123123', phone='15282330786', email='310516dd1314@qq.com', userName='李嘉欣', sex='女', headImg='/headImg/head.jpg', type='管理员', personalSignature='额我热温热', birthday=Sat Feb 29 00:00:00 CST 2020, songs=null, singers=null, albums=null, createdList=null, colList=null, time=2023-07-31 00:00:00.0}
2024-11-23 22:03:54.541 [http-nio-8081-exec-5] INFO  n.l.m.c.interceptor.LoginInterceptor - [preHandle,30] - 请求地址：/error
2024-11-23 22:03:54.541 [http-nio-8081-exec-4] INFO  n.l.m.c.interceptor.LoginInterceptor - [preHandle,30] - 请求地址：/error
2024-11-23 22:03:54.541 [http-nio-8081-exec-5] INFO  n.l.m.c.interceptor.LoginInterceptor - [preHandle,31] - 登录用户：User{userId=10, nickName='测试用户1', account='aaa', pwd='123123', phone='15282330786', email='310516dd1314@qq.com', userName='李嘉欣', sex='女', headImg='/headImg/head.jpg', type='管理员', personalSignature='额我热温热', birthday=Sat Feb 29 00:00:00 CST 2020, songs=null, singers=null, albums=null, createdList=null, colList=null, time=2023-07-31 00:00:00.0}
2024-11-23 22:03:54.541 [http-nio-8081-exec-4] INFO  n.l.m.c.interceptor.LoginInterceptor - [preHandle,31] - 登录用户：User{userId=10, nickName='测试用户1', account='aaa', pwd='123123', phone='15282330786', email='310516dd1314@qq.com', userName='李嘉欣', sex='女', headImg='/headImg/head.jpg', type='管理员', personalSignature='额我热温热', birthday=Sat Feb 29 00:00:00 CST 2020, songs=null, singers=null, albums=null, createdList=null, colList=null, time=2023-07-31 00:00:00.0}
2024-11-23 22:03:54.578 [http-nio-8081-exec-9] INFO  n.l.m.c.interceptor.LoginInterceptor - [preHandle,30] - 请求地址：/admin
2024-11-23 22:03:54.578 [http-nio-8081-exec-9] INFO  n.l.m.c.interceptor.LoginInterceptor - [preHandle,31] - 登录用户：User{userId=10, nickName='测试用户1', account='aaa', pwd='123123', phone='15282330786', email='310516dd1314@qq.com', userName='李嘉欣', sex='女', headImg='/headImg/head.jpg', type='管理员', personalSignature='额我热温热', birthday=Sat Feb 29 00:00:00 CST 2020, songs=null, singers=null, albums=null, createdList=null, colList=null, time=2023-07-31 00:00:00.0}
2024-11-23 22:03:54.578 [http-nio-8081-exec-9] INFO  n.l.m.c.interceptor.AdminInterceptor - [preHandle,29] - 请求地址：/admin
2024-11-23 22:03:54.579 [http-nio-8081-exec-9] INFO  n.l.m.c.interceptor.AdminInterceptor - [preHandle,30] - 登录用户：User{userId=10, nickName='测试用户1', account='aaa', pwd='123123', phone='15282330786', email='310516dd1314@qq.com', userName='李嘉欣', sex='女', headImg='/headImg/head.jpg', type='管理员', personalSignature='额我热温热', birthday=Sat Feb 29 00:00:00 CST 2020, songs=null, singers=null, albums=null, createdList=null, colList=null, time=2023-07-31 00:00:00.0}
2024-11-23 22:03:54.579 [http-nio-8081-exec-9] INFO  n.l.m.c.interceptor.AdminInterceptor - [preHandle,32] - 通过
2024-11-23 22:03:59.555 [http-nio-8081-exec-8] INFO  n.l.m.c.interceptor.LoginInterceptor - [preHandle,30] - 请求地址：/admin/users
2024-11-23 22:03:59.555 [http-nio-8081-exec-8] INFO  n.l.m.c.interceptor.LoginInterceptor - [preHandle,31] - 登录用户：User{userId=10, nickName='测试用户1', account='aaa', pwd='123123', phone='15282330786', email='310516dd1314@qq.com', userName='李嘉欣', sex='女', headImg='/headImg/head.jpg', type='管理员', personalSignature='额我热温热', birthday=Sat Feb 29 00:00:00 CST 2020, songs=null, singers=null, albums=null, createdList=null, colList=null, time=2023-07-31 00:00:00.0}
2024-11-23 22:03:59.556 [http-nio-8081-exec-8] INFO  n.l.m.c.interceptor.AdminInterceptor - [preHandle,29] - 请求地址：/admin/users
2024-11-23 22:03:59.556 [http-nio-8081-exec-8] INFO  n.l.m.c.interceptor.AdminInterceptor - [preHandle,30] - 登录用户：User{userId=10, nickName='测试用户1', account='aaa', pwd='123123', phone='15282330786', email='310516dd1314@qq.com', userName='李嘉欣', sex='女', headImg='/headImg/head.jpg', type='管理员', personalSignature='额我热温热', birthday=Sat Feb 29 00:00:00 CST 2020, songs=null, singers=null, albums=null, createdList=null, colList=null, time=2023-07-31 00:00:00.0}
2024-11-23 22:03:59.556 [http-nio-8081-exec-8] INFO  n.l.m.c.interceptor.AdminInterceptor - [preHandle,32] - 通过
2024-11-23 22:03:59.727 [http-nio-8081-exec-3] INFO  n.l.m.c.interceptor.LoginInterceptor - [preHandle,30] - 请求地址：/user/isLogin
2024-11-23 22:03:59.728 [http-nio-8081-exec-3] INFO  n.l.m.c.interceptor.LoginInterceptor - [preHandle,31] - 登录用户：User{userId=10, nickName='测试用户1', account='aaa', pwd='123123', phone='15282330786', email='310516dd1314@qq.com', userName='李嘉欣', sex='女', headImg='/headImg/head.jpg', type='管理员', personalSignature='额我热温热', birthday=Sat Feb 29 00:00:00 CST 2020, songs=null, singers=null, albums=null, createdList=null, colList=null, time=2023-07-31 00:00:00.0}
2024-11-23 22:03:59.738 [http-nio-8081-exec-3] INFO  n.l.m.c.interceptor.LoginInterceptor - [preHandle,30] - 请求地址：/error
2024-11-23 22:03:59.738 [http-nio-8081-exec-3] INFO  n.l.m.c.interceptor.LoginInterceptor - [preHandle,31] - 登录用户：User{userId=10, nickName='测试用户1', account='aaa', pwd='123123', phone='15282330786', email='310516dd1314@qq.com', userName='李嘉欣', sex='女', headImg='/headImg/head.jpg', type='管理员', personalSignature='额我热温热', birthday=Sat Feb 29 00:00:00 CST 2020, songs=null, singers=null, albums=null, createdList=null, colList=null, time=2023-07-31 00:00:00.0}
2024-11-23 22:03:59.742 [http-nio-8081-exec-2] INFO  n.l.m.c.interceptor.LoginInterceptor - [preHandle,30] - 请求地址：/user/page
2024-11-23 22:03:59.743 [http-nio-8081-exec-2] INFO  n.l.m.c.interceptor.LoginInterceptor - [preHandle,31] - 登录用户：User{userId=10, nickName='测试用户1', account='aaa', pwd='123123', phone='15282330786', email='310516dd1314@qq.com', userName='李嘉欣', sex='女', headImg='/headImg/head.jpg', type='管理员', personalSignature='额我热温热', birthday=Sat Feb 29 00:00:00 CST 2020, songs=null, singers=null, albums=null, createdList=null, colList=null, time=2023-07-31 00:00:00.0}
2024-11-23 22:03:59.768 [http-nio-8081-exec-7] INFO  n.l.m.c.interceptor.LoginInterceptor - [preHandle,30] - 请求地址：/admin/users
2024-11-23 22:03:59.768 [http-nio-8081-exec-7] INFO  n.l.m.c.interceptor.LoginInterceptor - [preHandle,31] - 登录用户：User{userId=10, nickName='测试用户1', account='aaa', pwd='123123', phone='15282330786', email='310516dd1314@qq.com', userName='李嘉欣', sex='女', headImg='/headImg/head.jpg', type='管理员', personalSignature='额我热温热', birthday=Sat Feb 29 00:00:00 CST 2020, songs=null, singers=null, albums=null, createdList=null, colList=null, time=2023-07-31 00:00:00.0}
2024-11-23 22:03:59.768 [http-nio-8081-exec-7] INFO  n.l.m.c.interceptor.AdminInterceptor - [preHandle,29] - 请求地址：/admin/users
2024-11-23 22:03:59.769 [http-nio-8081-exec-7] INFO  n.l.m.c.interceptor.AdminInterceptor - [preHandle,30] - 登录用户：User{userId=10, nickName='测试用户1', account='aaa', pwd='123123', phone='15282330786', email='310516dd1314@qq.com', userName='李嘉欣', sex='女', headImg='/headImg/head.jpg', type='管理员', personalSignature='额我热温热', birthday=Sat Feb 29 00:00:00 CST 2020, songs=null, singers=null, albums=null, createdList=null, colList=null, time=2023-07-31 00:00:00.0}
2024-11-23 22:03:59.769 [http-nio-8081-exec-7] INFO  n.l.m.c.interceptor.AdminInterceptor - [preHandle,32] - 通过
2024-11-23 22:03:59.776 [http-nio-8081-exec-2] INFO  n.l.music.controller.UserController - [findPage,171] - pageNum：1 pageSize：5
2024-11-23 22:04:15.997 [http-nio-8081-exec-9] INFO  n.l.m.c.interceptor.LoginInterceptor - [preHandle,30] - 请求地址：/admin/singers
2024-11-23 22:04:15.998 [http-nio-8081-exec-9] INFO  n.l.m.c.interceptor.LoginInterceptor - [preHandle,31] - 登录用户：User{userId=10, nickName='测试用户1', account='aaa', pwd='123123', phone='15282330786', email='310516dd1314@qq.com', userName='李嘉欣', sex='女', headImg='/headImg/head.jpg', type='管理员', personalSignature='额我热温热', birthday=Sat Feb 29 00:00:00 CST 2020, songs=null, singers=null, albums=null, createdList=null, colList=null, time=2023-07-31 00:00:00.0}
2024-11-23 22:04:15.998 [http-nio-8081-exec-9] INFO  n.l.m.c.interceptor.AdminInterceptor - [preHandle,29] - 请求地址：/admin/singers
2024-11-23 22:04:15.998 [http-nio-8081-exec-9] INFO  n.l.m.c.interceptor.AdminInterceptor - [preHandle,30] - 登录用户：User{userId=10, nickName='测试用户1', account='aaa', pwd='123123', phone='15282330786', email='310516dd1314@qq.com', userName='李嘉欣', sex='女', headImg='/headImg/head.jpg', type='管理员', personalSignature='额我热温热', birthday=Sat Feb 29 00:00:00 CST 2020, songs=null, singers=null, albums=null, createdList=null, colList=null, time=2023-07-31 00:00:00.0}
2024-11-23 22:04:15.999 [http-nio-8081-exec-9] INFO  n.l.m.c.interceptor.AdminInterceptor - [preHandle,32] - 通过
2024-11-23 22:04:16.168 [http-nio-8081-exec-8] INFO  n.l.m.c.interceptor.LoginInterceptor - [preHandle,30] - 请求地址：/user/isLogin
2024-11-23 22:04:16.169 [http-nio-8081-exec-8] INFO  n.l.m.c.interceptor.LoginInterceptor - [preHandle,31] - 登录用户：User{userId=10, nickName='测试用户1', account='aaa', pwd='123123', phone='15282330786', email='310516dd1314@qq.com', userName='李嘉欣', sex='女', headImg='/headImg/head.jpg', type='管理员', personalSignature='额我热温热', birthday=Sat Feb 29 00:00:00 CST 2020, songs=null, singers=null, albums=null, createdList=null, colList=null, time=2023-07-31 00:00:00.0}
2024-11-23 22:04:16.170 [http-nio-8081-exec-8] INFO  n.l.m.c.interceptor.LoginInterceptor - [preHandle,30] - 请求地址：/error
2024-11-23 22:04:16.170 [http-nio-8081-exec-8] INFO  n.l.m.c.interceptor.LoginInterceptor - [preHandle,31] - 登录用户：User{userId=10, nickName='测试用户1', account='aaa', pwd='123123', phone='15282330786', email='310516dd1314@qq.com', userName='李嘉欣', sex='女', headImg='/headImg/head.jpg', type='管理员', personalSignature='额我热温热', birthday=Sat Feb 29 00:00:00 CST 2020, songs=null, singers=null, albums=null, createdList=null, colList=null, time=2023-07-31 00:00:00.0}
2024-11-23 22:04:16.216 [http-nio-8081-exec-3] INFO  n.l.m.c.interceptor.LoginInterceptor - [preHandle,30] - 请求地址：/admin/singers
2024-11-23 22:04:16.217 [http-nio-8081-exec-3] INFO  n.l.m.c.interceptor.LoginInterceptor - [preHandle,31] - 登录用户：User{userId=10, nickName='测试用户1', account='aaa', pwd='123123', phone='15282330786', email='310516dd1314@qq.com', userName='李嘉欣', sex='女', headImg='/headImg/head.jpg', type='管理员', personalSignature='额我热温热', birthday=Sat Feb 29 00:00:00 CST 2020, songs=null, singers=null, albums=null, createdList=null, colList=null, time=2023-07-31 00:00:00.0}
2024-11-23 22:04:16.217 [http-nio-8081-exec-3] INFO  n.l.m.c.interceptor.AdminInterceptor - [preHandle,29] - 请求地址：/admin/singers
2024-11-23 22:04:16.217 [http-nio-8081-exec-3] INFO  n.l.m.c.interceptor.AdminInterceptor - [preHandle,30] - 登录用户：User{userId=10, nickName='测试用户1', account='aaa', pwd='123123', phone='15282330786', email='310516dd1314@qq.com', userName='李嘉欣', sex='女', headImg='/headImg/head.jpg', type='管理员', personalSignature='额我热温热', birthday=Sat Feb 29 00:00:00 CST 2020, songs=null, singers=null, albums=null, createdList=null, colList=null, time=2023-07-31 00:00:00.0}
2024-11-23 22:04:16.217 [http-nio-8081-exec-3] INFO  n.l.m.c.interceptor.AdminInterceptor - [preHandle,32] - 通过
2024-11-23 22:10:33.966 [Thread-13] INFO  o.a.coyote.http11.Http11NioProtocol - [log,173] - Pausing ProtocolHandler ["http-nio-8081"]
2024-11-23 22:10:33.966 [Thread-13] INFO  o.a.catalina.core.StandardService - [log,173] - Stopping service [Tomcat]
2024-11-23 22:10:33.968 [Thread-13] INFO  o.a.c.c.C.[Tomcat].[localhost].[/] - [log,173] - Destroying Spring FrameworkServlet 'dispatcherServlet'
2024-11-23 22:10:33.974 [Thread-13] INFO  o.a.coyote.http11.Http11NioProtocol - [log,173] - Stopping ProtocolHandler ["http-nio-8081"]
2024-11-23 22:10:33.978 [Thread-13] INFO  o.a.coyote.http11.Http11NioProtocol - [log,173] - Destroying ProtocolHandler ["http-nio-8081"]
2024-11-23 22:10:33.981 [Thread-13] INFO  c.alibaba.druid.pool.DruidDataSource - [close,2138] - {dataSource-1} closing ...
2024-11-23 22:10:33.988 [Thread-13] INFO  c.alibaba.druid.pool.DruidDataSource - [close,2211] - {dataSource-1} closed
2024-11-23 22:10:34.096 [restartedMain] INFO  net.ltbk.music.MusicApplication - [logStarting,55] - Starting MusicApplication using Java 1.8.0_401 on DESKTOP-4DD9P12 with PID 4020 (K:\软件开发\项目\SpringBoot+Thymeleaf\TG-Music\target\classes started by aa152 in K:\软件开发\项目\SpringBoot+Thymeleaf\TG-Music)
2024-11-23 22:10:34.097 [restartedMain] INFO  net.ltbk.music.MusicApplication - [logStartupProfileInfo,645] - No active profile set, falling back to 1 default profile: "default"
2024-11-23 22:10:34.534 [restartedMain] INFO  o.a.coyote.http11.Http11NioProtocol - [log,173] - Initializing ProtocolHandler ["http-nio-8081"]
2024-11-23 22:10:34.534 [restartedMain] INFO  o.a.catalina.core.StandardService - [log,173] - Starting service [Tomcat]
2024-11-23 22:10:34.535 [restartedMain] INFO  o.a.catalina.core.StandardEngine - [log,173] - Starting Servlet engine: [Apache Tomcat/9.0.65]
2024-11-23 22:10:34.539 [restartedMain] INFO  o.a.c.c.C.[Tomcat].[localhost].[/] - [log,173] - Initializing Spring embedded WebApplicationContext
2024-11-23 22:10:34.571 [restartedMain] INFO  c.a.d.s.b.a.DruidDataSourceAutoConfigure - [dataSource,55] - Init DruidDataSource
2024-11-23 22:10:34.589 [restartedMain] INFO  c.alibaba.druid.pool.DruidDataSource - [init,996] - {dataSource-2} inited
2024-11-23 22:10:37.091 [restartedMain] INFO  o.a.coyote.http11.Http11NioProtocol - [log,173] - Starting ProtocolHandler ["http-nio-8081"]
2024-11-23 22:10:39.659 [restartedMain] INFO  net.ltbk.music.MusicApplication - [logStarted,61] - Started MusicApplication in 5.601 seconds (JVM running for 487.002)
2024-11-23 22:10:39.660 [restartedMain] INFO  n.l.m.runner.MusicApplicationRunner - [run,25] - 程序部署完成，访问地址：http://localhost:8081
2024-11-23 22:10:39.660 [restartedMain] INFO  n.l.m.runner.MusicApplicationRunner - [run,26] - Swagger文档，访问地址：http://localhost:8081/doc.html
2024-11-23 22:10:39.721 [Thread-23] INFO  o.a.coyote.http11.Http11NioProtocol - [log,173] - Pausing ProtocolHandler ["http-nio-8081"]
2024-11-23 22:10:39.722 [Thread-23] INFO  o.a.catalina.core.StandardService - [log,173] - Stopping service [Tomcat]
2024-11-23 22:10:39.725 [Thread-23] INFO  o.a.coyote.http11.Http11NioProtocol - [log,173] - Stopping ProtocolHandler ["http-nio-8081"]
2024-11-23 22:10:39.727 [Thread-23] INFO  o.a.coyote.http11.Http11NioProtocol - [log,173] - Destroying ProtocolHandler ["http-nio-8081"]
2024-11-23 22:10:39.729 [Thread-23] INFO  c.alibaba.druid.pool.DruidDataSource - [close,2138] - {dataSource-2} closing ...
2024-11-23 22:10:39.729 [Thread-23] INFO  c.alibaba.druid.pool.DruidDataSource - [close,2211] - {dataSource-2} closed
